生成启动时间为 2014/6/6 16:44:44。
     1>项目“F:\Microsoft\ftpclient\ftpclient\ftpclient\ftpclient.vcxproj”在节点 2 上(Build 个目标)。
     1>InitializeBuildStatus:
         正在创建“Debug\ftpclient.unsuccessfulbuild”，因为已指定“AlwaysCreate”。
       ClCompile:
         D:\VS2012\VC\bin\CL.exe /c /ZI /nologo /W3 /WX- /Od /Oy- /D WIN32 /D _DEBUG /D _CONSOLE /D _UNICODE /D UNICODE /Gm /EHsc /RTC1 /MDd /GS /fp:precise /Zc:wchar_t /Zc:forScope /Fo"Debug\\" /Fd"Debug\vc110.pdb" /Gd /TP /analyze- /errorReport:prompt ftpclient.cpp
         ftpclient.cpp
     1>f:\microsoft\ftpclient\ftpclient\ftpclient\ftpclient.cpp(181): warning C4996: 'strtok': This function or variable may be unsafe. Consider using strtok_s instead. To disable deprecation, use _CRT_SECURE_NO_WARNINGS. See online help for details.
                 d:\vs2012\vc\include\string.h(200) : 参见“strtok”的声明
     1>f:\microsoft\ftpclient\ftpclient\ftpclient\ftpclient.cpp(187): warning C4996: 'strtok': This function or variable may be unsafe. Consider using strtok_s instead. To disable deprecation, use _CRT_SECURE_NO_WARNINGS. See online help for details.
                 d:\vs2012\vc\include\string.h(200) : 参见“strtok”的声明
     1>f:\microsoft\ftpclient\ftpclient\ftpclient\ftpclient.cpp(246): warning C4996: 'sprintf': This function or variable may be unsafe. Consider using sprintf_s instead. To disable deprecation, use _CRT_SECURE_NO_WARNINGS. See online help for details.
                 d:\vs2012\vc\include\stdio.h(357) : 参见“sprintf”的声明
     1>f:\microsoft\ftpclient\ftpclient\ftpclient\ftpclient.cpp(267): warning C4996: 'fopen': This function or variable may be unsafe. Consider using fopen_s instead. To disable deprecation, use _CRT_SECURE_NO_WARNINGS. See online help for details.
                 d:\vs2012\vc\include\stdio.h(218) : 参见“fopen”的声明
     1>f:\microsoft\ftpclient\ftpclient\ftpclient\ftpclient.cpp(280): warning C4996: 'sprintf': This function or variable may be unsafe. Consider using sprintf_s instead. To disable deprecation, use _CRT_SECURE_NO_WARNINGS. See online help for details.
                 d:\vs2012\vc\include\stdio.h(357) : 参见“sprintf”的声明
     1>f:\microsoft\ftpclient\ftpclient\ftpclient\ftpclient.cpp(291): warning C4996: 'sprintf': This function or variable may be unsafe. Consider using sprintf_s instead. To disable deprecation, use _CRT_SECURE_NO_WARNINGS. See online help for details.
                 d:\vs2012\vc\include\stdio.h(357) : 参见“sprintf”的声明
     1>f:\microsoft\ftpclient\ftpclient\ftpclient\ftpclient.cpp(307): warning C4244: “+=”: 从“unsigned __int64”转换到“long”，可能丢失数据
     1>f:\microsoft\ftpclient\ftpclient\ftpclient\ftpclient.cpp(309): warning C4244: “初始化”: 从“unsigned __int64”转换到“long”，可能丢失数据
     1>f:\microsoft\ftpclient\ftpclient\ftpclient\ftpclient.cpp(313): warning C4244: “参数”: 从“unsigned __int64”转换到“long”，可能丢失数据
     1>f:\microsoft\ftpclient\ftpclient\ftpclient\ftpclient.cpp(52): warning C4715: “CFTP::InitFtp”: 不是所有的控件路径都返回值
       Link:
         D:\VS2012\VC\bin\link.exe /ERRORREPORT:PROMPT /OUT:"F:\Microsoft\ftpclient\ftpclient\Debug\ftpclient.exe" /INCREMENTAL /NOLOGO kernel32.lib user32.lib gdi32.lib winspool.lib comdlg32.lib advapi32.lib shell32.lib ole32.lib oleaut32.lib uuid.lib odbc32.lib odbccp32.lib /MANIFEST /MANIFESTUAC:"level='asInvoker' uiAccess='false'" /manifest:embed /DEBUG /PDB:"F:\Microsoft\ftpclient\ftpclient\Debug\ftpclient.pdb" /SUBSYSTEM:CONSOLE /TLBID:1 /DYNAMICBASE /NXCOMPAT /IMPLIB:"F:\Microsoft\ftpclient\ftpclient\Debug\ftpclient.lib" /MACHINE:X86 Debug\ftpclient.obj
         Debug\main.obj
         ftpclient.vcxproj -> F:\Microsoft\ftpclient\ftpclient\Debug\ftpclient.exe
       FinalizeBuildStatus:
         正在删除文件“Debug\ftpclient.unsuccessfulbuild”。
         正在对“Debug\ftpclient.lastbuildstate”执行 Touch 任务。
     1>已完成生成项目“F:\Microsoft\ftpclient\ftpclient\ftpclient\ftpclient.vcxproj”(Build 个目标)的操作。

生成成功。

已用时间 00:00:02.76
