F:\MICROSOFT\FTPCLIENT\FTPCLIENT\DEBUG\FTPCLIENT.EXE
F:\MICROSOFT\FTPCLIENT\FTPCLIENT\DEBUG\FTPCLIENT.ILK
F:\MICROSOFT\FTPCLIENT\FTPCLIENT\DEBUG\FTPCLIENT.PDB
F:\Microsoft\ftpclient\ftpclient\ftpclient\Debug\cl.command.1.tlog
F:\Microsoft\ftpclient\ftpclient\ftpclient\Debug\CL.read.1.tlog
F:\Microsoft\ftpclient\ftpclient\ftpclient\Debug\CL.write.1.tlog
F:\MICROSOFT\FTPCLIENT\FTPCLIENT\FTPCLIENT\DEBUG\FTPCLIENT.EXE.EMBED.MANIFEST
F:\MICROSOFT\FTPCLIENT\FTPCLIENT\FTPCLIENT\DEBUG\FTPCLIENT.EXE.EMBED.MANIFEST.RES
F:\MICROSOFT\FTPCLIENT\FTPCLIENT\FTPCLIENT\DEBUG\FTPCLIENT.EXE.INTERMEDIATE.MANIFEST
F:\MICROSOFT\FTPCLIENT\FTPCLIENT\FTPCLIENT\DEBUG\FTPCLIENT.OBJ
F:\Microsoft\ftpclient\ftpclient\ftpclient\Debug\ftpclient_manifest.rc
F:\Microsoft\ftpclient\ftpclient\ftpclient\Debug\link.6816.read.1.tlog
F:\Microsoft\ftpclient\ftpclient\ftpclient\Debug\link.6816.write.1.tlog
F:\Microsoft\ftpclient\ftpclient\ftpclient\Debug\link.6816-cvtres.read.1.tlog
F:\Microsoft\ftpclient\ftpclient\ftpclient\Debug\link.6816-cvtres.write.1.tlog
F:\Microsoft\ftpclient\ftpclient\ftpclient\Debug\link.7292.read.1.tlog
F:\Microsoft\ftpclient\ftpclient\ftpclient\Debug\link.7292.write.1.tlog
F:\Microsoft\ftpclient\ftpclient\ftpclient\Debug\link.7292-cvtres.read.1.tlog
F:\Microsoft\ftpclient\ftpclient\ftpclient\Debug\link.7292-cvtres.write.1.tlog
F:\Microsoft\ftpclient\ftpclient\ftpclient\Debug\link.7484.read.1.tlog
F:\Microsoft\ftpclient\ftpclient\ftpclient\Debug\link.7484.write.1.tlog
F:\Microsoft\ftpclient\ftpclient\ftpclient\Debug\link.7484-cvtres.read.1.tlog
F:\Microsoft\ftpclient\ftpclient\ftpclient\Debug\link.7484-cvtres.write.1.tlog
F:\Microsoft\ftpclient\ftpclient\ftpclient\Debug\link.7632.read.1.tlog
F:\Microsoft\ftpclient\ftpclient\ftpclient\Debug\link.7632.write.1.tlog
F:\Microsoft\ftpclient\ftpclient\ftpclient\Debug\link.7632-cvtres.read.1.tlog
F:\Microsoft\ftpclient\ftpclient\ftpclient\Debug\link.7632-cvtres.write.1.tlog
F:\Microsoft\ftpclient\ftpclient\ftpclient\Debug\link.command.1.tlog
F:\Microsoft\ftpclient\ftpclient\ftpclient\Debug\link.read.1.tlog
F:\Microsoft\ftpclient\ftpclient\ftpclient\Debug\link.write.1.tlog
F:\Microsoft\ftpclient\ftpclient\ftpclient\Debug\link-cvtres.read.1.tlog
F:\Microsoft\ftpclient\ftpclient\ftpclient\Debug\link-cvtres.write.1.tlog
F:\MICROSOFT\FTPCLIENT\FTPCLIENT\FTPCLIENT\DEBUG\MAIN.OBJ
F:\Microsoft\ftpclient\ftpclient\ftpclient\Debug\mt.command.1.tlog
F:\Microsoft\ftpclient\ftpclient\ftpclient\Debug\mt.read.1.tlog
F:\Microsoft\ftpclient\ftpclient\ftpclient\Debug\mt.write.1.tlog
F:\Microsoft\ftpclient\ftpclient\ftpclient\Debug\rc.command.1.tlog
F:\Microsoft\ftpclient\ftpclient\ftpclient\Debug\rc.read.1.tlog
F:\Microsoft\ftpclient\ftpclient\ftpclient\Debug\rc.write.1.tlog
F:\Microsoft\ftpclient\ftpclient\ftpclient\Debug\vc100.idb
F:\MICROSOFT\FTPCLIENT\FTPCLIENT\FTPCLIENT\DEBUG\VC100.PDB
